[debug] [2024-08-01T08:46:58.165Z] ----------------------------------------------------------------------
[debug] [2024-08-01T08:46:58.167Z] Command:       C:\Program Files\nodejs\node.exe C:\Users\govin\AppData\Roaming\npm\node_modules\firebase-tools\lib\bin\firebase.js init
[debug] [2024-08-01T08:46:58.168Z] CLI Version:   13.5.1
[debug] [2024-08-01T08:46:58.168Z] Platform:      win32
[debug] [2024-08-01T08:46:58.169Z] Node Version:  v18.17.0
[debug] [2024-08-01T08:46:58.170Z] Time:          Thu Aug 01 2024 14:16:58 GMT+0530 (India Standard Time)
[debug] [2024-08-01T08:46:58.170Z] ----------------------------------------------------------------------
[debug] 
[debug] [2024-08-01T08:46:58.192Z] >>> [apiv2][query] GET https://firebase-public.firebaseio.com/cli.json [none]
[debug] [2024-08-01T08:46:58.253Z] > command requires scopes: ["email","openid","https://www.googleapis.com/auth/cloudplatformprojects.readonly","https://www.googleapis.com/auth/firebase","https://www.googleapis.com/auth/cloud-platform"]
[debug] [2024-08-01T08:46:58.253Z] > authorizing via signed-in user (govindpurty350@gmail.com)
[info] 
     ######## #### ########  ######## ########     ###     ######  ########
     ##        ##  ##     ## ##       ##     ##  ##   ##  ##       ##
     ######    ##  ########  ######   ########  #########  ######  ######
     ##        ##  ##    ##  ##       ##     ## ##     ##       ## ##
     ##       #### ##     ## ######## ########  ##     ##  ######  ########

You're about to initialize a Firebase project in this directory:

  C:\Posted-app\Posted-app-main

Before we get started, keep in mind:

  * You are currently outside your home directory

[debug] [2024-08-01T08:46:59.084Z] <<< [apiv2][status] GET https://firebase-public.firebaseio.com/cli.json 200
[debug] [2024-08-01T08:46:59.085Z] <<< [apiv2][body] GET https://firebase-public.firebaseio.com/cli.json {"cloudBuildErrorAfter":1594252800000,"cloudBuildWarnAfter":1590019200000,"defaultNode10After":1594252800000,"minVersion":"3.0.5","node8DeploysDisabledAfter":1613390400000,"node8RuntimeDisabledAfter":1615809600000,"node8WarnAfter":1600128000000}
